{"/home/mohammad/advance/basic-auth/src/server.js": {"path":"/home/mohammad/advance/basic-auth/src/server.js","statementMap":{"0":{"start":{"line":3,"column":0},"end":{"line":3,"column":27}},"1":{"start":{"line":4,"column":16},"end":{"line":4,"column":34}},"2":{"start":{"line":5,"column":15},"end":{"line":5,"column":32}},"3":{"start":{"line":6,"column":15},"end":{"line":6,"column":33}},"4":{"start":{"line":7,"column":21},"end":{"line":7,"column":49}},"5":{"start":{"line":8,"column":13},"end":{"line":8,"column":48}},"6":{"start":{"line":9,"column":13},"end":{"line":9,"column":48}},"7":{"start":{"line":10,"column":12},"end":{"line":10,"column":21}},"8":{"start":{"line":12,"column":0},"end":{"line":12,"column":24}},"9":{"start":{"line":13,"column":0},"end":{"line":13,"column":48}},"10":{"start":{"line":14,"column":0},"end":{"line":14,"column":16}},"11":{"start":{"line":15,"column":0},"end":{"line":15,"column":16}},"12":{"start":{"line":17,"column":0},"end":{"line":19,"column":3}},"13":{"start":{"line":18,"column":4},"end":{"line":18,"column":45}},"14":{"start":{"line":22,"column":2},"end":{"line":22,"column":51}},"15":{"start":{"line":22,"column":25},"end":{"line":22,"column":49}},"16":{"start":{"line":25,"column":0},"end":{"line":28,"column":2}}},"fnMap":{"0":{"name":"(anonymous_0)","decl":{"start":{"line":17,"column":13},"end":{"line":17,"column":14}},"loc":{"start":{"line":17,"column":27},"end":{"line":19,"column":1}},"line":17},"1":{"name":"start","decl":{"start":{"line":21,"column":9},"end":{"line":21,"column":14}},"loc":{"start":{"line":21,"column":21},"end":{"line":23,"column":1}},"line":21},"2":{"name":"(anonymous_2)","decl":{"start":{"line":22,"column":19},"end":{"line":22,"column":20}},"loc":{"start":{"line":22,"column":25},"end":{"line":22,"column":49}},"line":22}},"branchMap":{},"s":{"0":1,"1":1,"2":1,"3":1,"4":1,"5":1,"6":1,"7":1,"8":1,"9":1,"10":1,"11":1,"12":1,"13":0,"14":0,"15":0,"16":1},"f":{"0":0,"1":0,"2":0},"b":{},"_coverageSchema":"1a1c01bbd47fc00a2c39e90264f33305004495a9","hash":"561108eda2a4d47f51780dac4f72b3eaebb5523d"}
,"/home/mohammad/advance/basic-auth/src/models/auth.js": {"path":"/home/mohammad/advance/basic-auth/src/models/auth.js","statementMap":{"0":{"start":{"line":3,"column":11},"end":{"line":14,"column":2}},"1":{"start":{"line":4,"column":0},"end":{"line":14,"column":2}},"2":{"start":{"line":17,"column":0},"end":{"line":17,"column":22}}},"fnMap":{"0":{"name":"(anonymous_0)","decl":{"start":{"line":3,"column":11},"end":{"line":3,"column":12}},"loc":{"start":{"line":4,"column":0},"end":{"line":14,"column":2}},"line":4}},"branchMap":{},"s":{"0":1,"1":1,"2":1},"f":{"0":1},"b":{},"_coverageSchema":"1a1c01bbd47fc00a2c39e90264f33305004495a9","hash":"2799d1cf257abad3647b1c353f257f612efd4146"}
,"/home/mohammad/advance/basic-auth/src/models/index.js": {"path":"/home/mohammad/advance/basic-auth/src/models/index.js","statementMap":{"0":{"start":{"line":1,"column":0},"end":{"line":1,"column":27}},"1":{"start":{"line":2,"column":33},"end":{"line":2,"column":53}},"2":{"start":{"line":3,"column":20},"end":{"line":3,"column":40}},"3":{"start":{"line":5,"column":21},"end":{"line":5,"column":98}},"4":{"start":{"line":7,"column":23},"end":{"line":16,"column":6}},"5":{"start":{"line":18,"column":18},"end":{"line":18,"column":63}},"6":{"start":{"line":20,"column":19},"end":{"line":20,"column":52}},"7":{"start":{"line":22,"column":0},"end":{"line":25,"column":2}}},"fnMap":{},"branchMap":{"0":{"loc":{"start":{"line":5,"column":21},"end":{"line":5,"column":98}},"type":"cond-expr","locations":[{"start":{"line":5,"column":55},"end":{"line":5,"column":71}},{"start":{"line":5,"column":74},"end":{"line":5,"column":98}}],"line":5},"1":{"loc":{"start":{"line":7,"column":23},"end":{"line":16,"column":6}},"type":"cond-expr","locations":[{"start":{"line":8,"column":4},"end":{"line":15,"column":5}},{"start":{"line":16,"column":4},"end":{"line":16,"column":6}}],"line":7}},"s":{"0":1,"1":1,"2":1,"3":1,"4":1,"5":1,"6":1,"7":1},"f":{},"b":{"0":[1,0],"1":[0,1]},"_coverageSchema":"1a1c01bbd47fc00a2c39e90264f33305004495a9","hash":"26680d9583fdf107fa57fd9230fc8e8c9b23e218"}
,"/home/mohammad/advance/basic-auth/src/routes/signin.route.js": {"path":"/home/mohammad/advance/basic-auth/src/routes/signin.route.js","statementMap":{"0":{"start":{"line":2,"column":16},"end":{"line":2,"column":34}},"1":{"start":{"line":3,"column":15},"end":{"line":3,"column":31}},"2":{"start":{"line":4,"column":15},"end":{"line":4,"column":32}},"3":{"start":{"line":5,"column":15},"end":{"line":5,"column":33}},"4":{"start":{"line":6,"column":21},"end":{"line":6,"column":50}},"5":{"start":{"line":8,"column":0},"end":{"line":46,"column":5}},"6":{"start":{"line":20,"column":27},"end":{"line":20,"column":63}},"7":{"start":{"line":21,"column":24},"end":{"line":21,"column":46}},"8":{"start":{"line":22,"column":24},"end":{"line":22,"column":52}},"9":{"start":{"line":23,"column":31},"end":{"line":23,"column":55}},"10":{"start":{"line":32,"column":4},"end":{"line":45,"column":5}},"11":{"start":{"line":33,"column":19},"end":{"line":33,"column":78}},"12":{"start":{"line":34,"column":20},"end":{"line":34,"column":65}},"13":{"start":{"line":35,"column":6},"end":{"line":41,"column":7}},"14":{"start":{"line":36,"column":8},"end":{"line":36,"column":35}},"15":{"start":{"line":37,"column":8},"end":{"line":37,"column":15}},"16":{"start":{"line":40,"column":8},"end":{"line":40,"column":40}},"17":{"start":{"line":43,"column":8},"end":{"line":43,"column":46}},"18":{"start":{"line":44,"column":8},"end":{"line":44,"column":20}},"19":{"start":{"line":48,"column":2},"end":{"line":48,"column":26}}},"fnMap":{"0":{"name":"(anonymous_0)","decl":{"start":{"line":8,"column":23},"end":{"line":8,"column":24}},"loc":{"start":{"line":8,"column":50},"end":{"line":46,"column":3}},"line":8}},"branchMap":{"0":{"loc":{"start":{"line":35,"column":6},"end":{"line":41,"column":7}},"type":"if","locations":[{"start":{"line":35,"column":6},"end":{"line":41,"column":7}},{"start":{"line":39,"column":11},"end":{"line":41,"column":7}}],"line":35}},"s":{"0":1,"1":1,"2":1,"3":1,"4":1,"5":1,"6":1,"7":1,"8":1,"9":1,"10":1,"11":1,"12":1,"13":1,"14":1,"15":1,"16":0,"17":0,"18":0,"19":1},"f":{"0":1},"b":{"0":[1,0]},"_coverageSchema":"1a1c01bbd47fc00a2c39e90264f33305004495a9","hash":"973369f055d507bbcaead6d3974df442f2f85641"}
,"/home/mohammad/advance/basic-auth/src/routes/signup.route.js": {"path":"/home/mohammad/advance/basic-auth/src/routes/signup.route.js","statementMap":{"0":{"start":{"line":2,"column":16},"end":{"line":2,"column":34}},"1":{"start":{"line":3,"column":15},"end":{"line":3,"column":31}},"2":{"start":{"line":4,"column":15},"end":{"line":4,"column":32}},"3":{"start":{"line":5,"column":15},"end":{"line":5,"column":33}},"4":{"start":{"line":6,"column":21},"end":{"line":6,"column":50}},"5":{"start":{"line":8,"column":0},"end":{"line":19,"column":5}},"6":{"start":{"line":10,"column":4},"end":{"line":15,"column":64}},"7":{"start":{"line":11,"column":6},"end":{"line":11,"column":67}},"8":{"start":{"line":12,"column":6},"end":{"line":12,"column":28}},"9":{"start":{"line":13,"column":21},"end":{"line":13,"column":54}},"10":{"start":{"line":14,"column":6},"end":{"line":14,"column":35}},"11":{"start":{"line":15,"column":18},"end":{"line":15,"column":62}},"12":{"start":{"line":17,"column":4},"end":{"line":17,"column":11}},"13":{"start":{"line":21,"column":2},"end":{"line":21,"column":26}}},"fnMap":{"0":{"name":"(anonymous_0)","decl":{"start":{"line":8,"column":23},"end":{"line":8,"column":24}},"loc":{"start":{"line":8,"column":48},"end":{"line":19,"column":3}},"line":8}},"branchMap":{},"s":{"0":1,"1":1,"2":1,"3":1,"4":1,"5":1,"6":1,"7":1,"8":1,"9":1,"10":1,"11":0,"12":1,"13":1},"f":{"0":1},"b":{},"_coverageSchema":"1a1c01bbd47fc00a2c39e90264f33305004495a9","hash":"94105f1a119d35618b75e37d1b65663e7635753b"}
}
